-------------------------------------------------START-----------------------------------------------------------
 ############### Start Auto Report_Game : 2024-01-01 08:00:01 ###########
<meta http-equiv="Content-Type" content="text/html; charset=UTF-8" />
Email Sending. ############### Stop Auto Report : 2024-01-01 08:01:05 #################
-------------------------------------------------END-----------------------------------------------------------
-------------------------------------------------START-----------------------------------------------------------
 ############### Start Auto Report_Game : 2024-02-01 08:00:01 ###########
<meta http-equiv="Content-Type" content="text/html; charset=UTF-8" />
Email Sending. ############### Stop Auto Report : 2024-02-01 08:01:02 #################
-------------------------------------------------END-----------------------------------------------------------
-------------------------------------------------START-----------------------------------------------------------
 ############### Start Auto Report_Game : 2024-03-01 08:00:01 ###########
<meta http-equiv="Content-Type" content="text/html; charset=UTF-8" />
Email Sending. ############### Stop Auto Report : 2024-03-01 08:01:12 #################
-------------------------------------------------END-----------------------------------------------------------
-------------------------------------------------START-----------------------------------------------------------
 ############### Start Auto Report_Game : 2024-04-01 08:00:01 ###########
<meta http-equiv="Content-Type" content="text/html; charset=UTF-8" />
Email Sending. ############### Stop Auto Report : 2024-04-01 08:01:38 #################
-------------------------------------------------END-----------------------------------------------------------
